<?xml version="1.0" encoding="UTF-8"?>
<robot generator="Robot 6.0.2 (Python 3.10.11 on darwin)" generated="20230417 10:41:10.208" rpa="false" schemaversion="3">
<suite id="s1" name="apiTest" source="/Users/bhavanibojarajan/PycharmProjects/RobotChallengeProject/apiTest">
<suite id="s1-s1" name="CreateRecord" source="/Users/bhavanibojarajan/PycharmProjects/RobotChallengeProject/apiTest/CreateRecord.robot">
<test id="s1-s1-t1" name="As the Clerk, I should be able to to insert a single record of working class hero into database via an API" line="13">
<kw name="Log To Console" library="BuiltIn">
<arg>Create Single Record</arg>
<doc>Logs the given message to the console.</doc>
<status status="PASS" starttime="20230417 10:41:10.856" endtime="20230417 10:41:10.857"/>
</kw>
<kw name="Log To Console" library="BuiltIn">
<arg>${baseUrl}${insertSingleRecord}</arg>
<doc>Logs the given message to the console.</doc>
<status status="PASS" starttime="20230417 10:41:10.857" endtime="20230417 10:41:10.857"/>
</kw>
<kw name="Create Dictionary" library="BuiltIn">
<var>${insertSingleRecordJson}</var>
<arg>birthday</arg>
<arg>${birthDay}</arg>
<arg>gender</arg>
<arg>${gender}</arg>
<arg>name</arg>
<arg>${name}</arg>
<arg>natid</arg>
<arg>${natid}</arg>
<arg>salary</arg>
<arg>${salary}</arg>
<arg>tax</arg>
<arg>${tax}</arg>
<doc>Creates and returns a dictionary based on the given ``items``.</doc>
<msg timestamp="20230417 10:41:10.858" level="INFO">${insertSingleRecordJson} = {'birthday': '11041982', 'gender': 'male', 'name': 'test', 'natid': '1001', 'salary': '100000', 'tax': '1233'}</msg>
<status status="PASS" starttime="20230417 10:41:10.858" endtime="20230417 10:41:10.858"/>
</kw>
<kw name="Log To Console" library="BuiltIn">
<arg>${insertSingleRecordJson}</arg>
<doc>Logs the given message to the console.</doc>
<status status="PASS" starttime="20230417 10:41:10.859" endtime="20230417 10:41:10.859"/>
</kw>
<kw name="Evaluate" library="BuiltIn">
<var>${createSingleRecord}</var>
<arg>json.dumps(${insertSingleRecordJson})</arg>
<arg>json</arg>
<doc>Evaluates the given expression in Python and returns the result.</doc>
<msg timestamp="20230417 10:41:10.860" level="INFO">${createSingleRecord} = {"birthday": "11041982", "gender": "male", "name": "test", "natid": "1001", "salary": "100000", "tax": "1233"}</msg>
<status status="PASS" starttime="20230417 10:41:10.859" endtime="20230417 10:41:10.860"/>
</kw>
<kw name="Log To Console" library="BuiltIn">
<arg>${createSingleRecord}</arg>
<doc>Logs the given message to the console.</doc>
<status status="PASS" starttime="20230417 10:41:10.860" endtime="20230417 10:41:10.860"/>
</kw>
<kw name="Postloginrequestservice" library="StandardRequestMethod">
<var>${response}</var>
<arg>${baseUrl}${insertSingleRecord}</arg>
<arg>${createSingleRecord}</arg>
<msg timestamp="20230417 10:41:10.872" level="INFO">{"birthday": "11041982", "gender": "male", "name": "test", "natid": "1001", "salary": "100000", "tax": "1233"}</msg>
<msg timestamp="20230417 10:41:10.872" level="FAIL">ConnectionError: HTTPConnectionPool(host='localhost', port=8080): Max retries exceeded with url: /calculator/insert (Caused by NewConnectionError('&lt;urllib3.connection.HTTPConnection object at 0x107418610&gt;: Failed to establish a new connection: [Errno 61] Connection refused'))</msg>
<status status="FAIL" starttime="20230417 10:41:10.860" endtime="20230417 10:41:10.879"/>
</kw>
<kw name="Should Be Equal As Strings" library="BuiltIn">
<arg>${response.status_code}</arg>
<arg>500</arg>
<doc>Fails if objects are unequal after converting them to strings.</doc>
<status status="NOT RUN" starttime="20230417 10:41:10.879" endtime="20230417 10:41:10.879"/>
</kw>
<kw name="Log To Console" library="BuiltIn">
<arg>${response.text}</arg>
<doc>Logs the given message to the console.</doc>
<status status="NOT RUN" starttime="20230417 10:41:10.879" endtime="20230417 10:41:10.879"/>
</kw>
<status status="FAIL" starttime="20230417 10:41:10.856" endtime="20230417 10:41:10.880">ConnectionError: HTTPConnectionPool(host='localhost', port=8080): Max retries exceeded with url: /calculator/insert (Caused by NewConnectionError('&lt;urllib3.connection.HTTPConnection object at 0x107418610&gt;: Failed to establish a new connection: [Errno 61] Connection refused'))</status>
</test>
<test id="s1-s1-t2" name="As the Clerk, I should be able to insert more than one working class hero into database via an API" line="25">
<kw name="Log To Console" library="BuiltIn">
<arg>Create Multiple Record</arg>
<doc>Logs the given message to the console.</doc>
<status status="PASS" starttime="20230417 10:41:10.881" endtime="20230417 10:41:10.881"/>
</kw>
<kw name="Log To Console" library="BuiltIn">
<arg>${baseUrl}${insertMultipleRecord}</arg>
<doc>Logs the given message to the console.</doc>
<status status="PASS" starttime="20230417 10:41:10.881" endtime="20230417 10:41:10.881"/>
</kw>
<kw name="Convert To Json" library="convertToJsonObject">
<var>${inputJsonData}</var>
<arg>./input/multipleRecord.json</arg>
<msg timestamp="20230417 10:41:10.882" level="INFO">./input/multipleRecord.json
json Data
[{'birthday': '11041982', 'gender': 'male', 'name': 'test', 'natid': 'dsgfgsdgfj2394792', 'salary': '100000', 'tax': '1233'}, {'birthday': '12041982', 'gender': 'female', 'name': 'test1', 'natid': 'dsgfgsdgfj239479u8', 'salary': '100000', 'tax': '1233'}, {'birthday': '12041982', 'gender': 'female', 'name': 'test1', 'natid': 'dsgfgsdgfj239479u8', 'salary': '100000', 'tax': '1233'}]</msg>
<msg timestamp="20230417 10:41:10.882" level="INFO">${inputJsonData} = [{'birthday': '11041982', 'gender': 'male', 'name': 'test', 'natid': 'dsgfgsdgfj2394792', 'salary': '100000', 'tax': '1233'}, {'birthday': '12041982', 'gender': 'female', 'name': 'test1', 'natid': 'ds...</msg>
<status status="PASS" starttime="20230417 10:41:10.881" endtime="20230417 10:41:10.882"/>
</kw>
<kw name="Evaluate" library="BuiltIn">
<var>${input_data}</var>
<arg>json.dumps(${inputJsonData})</arg>
<arg>json</arg>
<doc>Evaluates the given expression in Python and returns the result.</doc>
<msg timestamp="20230417 10:41:10.883" level="INFO">${input_data} = [{"birthday": "11041982", "gender": "male", "name": "test", "natid": "dsgfgsdgfj2394792", "salary": "100000", "tax": "1233"}, {"birthday": "12041982", "gender": "female", "name": "test1", "natid": "ds...</msg>
<status status="PASS" starttime="20230417 10:41:10.883" endtime="20230417 10:41:10.883"/>
</kw>
<kw name="Postloginrequestservice" library="StandardRequestMethod">
<var>${response}</var>
<arg>${baseUrl}${insertMultipleRecord}</arg>
<arg>${input_data}</arg>
<msg timestamp="20230417 10:41:10.886" level="INFO">[{"birthday": "11041982", "gender": "male", "name": "test", "natid": "dsgfgsdgfj2394792", "salary": "100000", "tax": "1233"}, {"birthday": "12041982", "gender": "female", "name": "test1", "natid": "dsgfgsdgfj239479u8", "salary": "100000", "tax": "1233"}, {"birthday": "12041982", "gender": "female", "name": "test1", "natid": "dsgfgsdgfj239479u8", "salary": "100000", "tax": "1233"}]</msg>
<msg timestamp="20230417 10:41:10.886" level="FAIL">ConnectionError: HTTPConnectionPool(host='localhost', port=8080): Max retries exceeded with url: /calculator/insertMultiple (Caused by NewConnectionError('&lt;urllib3.connection.HTTPConnection object at 0x10741aa70&gt;: Failed to establish a new connection: [Errno 61] Connection refused'))</msg>
<status status="FAIL" starttime="20230417 10:41:10.883" endtime="20230417 10:41:10.887"/>
</kw>
<kw name="Should Be Equal As Strings" library="BuiltIn">
<arg>${response.status_code}</arg>
<arg>500</arg>
<doc>Fails if objects are unequal after converting them to strings.</doc>
<status status="NOT RUN" starttime="20230417 10:41:10.887" endtime="20230417 10:41:10.887"/>
</kw>
<kw name="Evaluate" library="BuiltIn">
<var>${actual_response}</var>
<arg>json.dumps(${response.text})</arg>
<arg>json</arg>
<doc>Evaluates the given expression in Python and returns the result.</doc>
<status status="NOT RUN" starttime="20230417 10:41:10.887" endtime="20230417 10:41:10.887"/>
</kw>
<kw name="Validate Json Schema" library="schemaValidation">
<arg>${actual_response}</arg>
<arg>./expectedSchema/errorResponseSingleInsert.json</arg>
<status status="NOT RUN" starttime="20230417 10:41:10.887" endtime="20230417 10:41:10.888"/>
</kw>
<status status="FAIL" starttime="20230417 10:41:10.880" endtime="20230417 10:41:10.888">ConnectionError: HTTPConnectionPool(host='localhost', port=8080): Max retries exceeded with url: /calculator/insertMultiple (Caused by NewConnectionError('&lt;urllib3.connection.HTTPConnection object at 0x10741aa70&gt;: Failed to establish a new connection: [Errno 61] Connection refused'))</status>
</test>
<status status="FAIL" starttime="20230417 10:41:10.240" endtime="20230417 10:41:10.888"/>
</suite>
<suite id="s1-s2" name="MockTaxReliefCalculation" source="/Users/bhavanibojarajan/PycharmProjects/RobotChallengeProject/apiTest/MockTaxReliefCalculation.robot">
<test id="s1-s2-t1" name="As the Governor, I should be able to see a button on the screen so that I can dispense tax relief for my working class heroes" line="10">
<kw name="Create Dictionary" library="BuiltIn">
<var>${headers}</var>
<arg>Content-Type=application/json</arg>
<doc>Creates and returns a dictionary based on the given ``items``.</doc>
<msg timestamp="20230417 10:41:10.900" level="INFO">${headers} = {'Content-Type': 'application/json'}</msg>
<status status="PASS" starttime="20230417 10:41:10.899" endtime="20230417 10:41:10.900"/>
</kw>
<kw name="Convert To Json" library="convertToJsonObject">
<var>${inputJsonData}</var>
<arg>./input/multipleRecord.json</arg>
<msg timestamp="20230417 10:41:10.900" level="INFO">./input/multipleRecord.json
json Data
[{'birthday': '11041982', 'gender': 'male', 'name': 'test', 'natid': 'dsgfgsdgfj2394792', 'salary': '100000', 'tax': '1233'}, {'birthday': '12041982', 'gender': 'female', 'name': 'test1', 'natid': 'dsgfgsdgfj239479u8', 'salary': '100000', 'tax': '1233'}, {'birthday': '12041982', 'gender': 'female', 'name': 'test1', 'natid': 'dsgfgsdgfj239479u8', 'salary': '100000', 'tax': '1233'}]</msg>
<msg timestamp="20230417 10:41:10.900" level="INFO">${inputJsonData} = [{'birthday': '11041982', 'gender': 'male', 'name': 'test', 'natid': 'dsgfgsdgfj2394792', 'salary': '100000', 'tax': '1233'}, {'birthday': '12041982', 'gender': 'female', 'name': 'test1', 'natid': 'ds...</msg>
<status status="PASS" starttime="20230417 10:41:10.900" endtime="20230417 10:41:10.900"/>
</kw>
<kw name="Evaluate" library="BuiltIn">
<var>${createInputRecord}</var>
<arg>json.dumps(${inputJsonData})</arg>
<arg>json</arg>
<doc>Evaluates the given expression in Python and returns the result.</doc>
<msg timestamp="20230417 10:41:10.901" level="INFO">${createInputRecord} = [{"birthday": "11041982", "gender": "male", "name": "test", "natid": "dsgfgsdgfj2394792", "salary": "100000", "tax": "1233"}, {"birthday": "12041982", "gender": "female", "name": "test1", "natid": "ds...</msg>
<status status="PASS" starttime="20230417 10:41:10.900" endtime="20230417 10:41:10.901"/>
</kw>
<kw name="Create Dictionary" library="BuiltIn">
<var>${response}</var>
<arg>body=${createInputRecord}</arg>
<arg>headers=${headers}</arg>
<arg>status_code=200</arg>
<doc>Creates and returns a dictionary based on the given ``items``.</doc>
<msg timestamp="20230417 10:41:10.902" level="INFO">${response} = {'body': '[{"birthday": "11041982", "gender": "male", "name": "test", "natid": "dsgfgsdgfj2394792", "salary": "100000", "tax": "1233"}, {"birthday": "12041982", "gender": "female", "name": "test1", "n...</msg>
<status status="PASS" starttime="20230417 10:41:10.901" endtime="20230417 10:41:10.902"/>
</kw>
<kw name="MockHttpRequests">
<var>${mock}</var>
<msg timestamp="20230417 10:41:10.905" level="FAIL">No keyword with name 'MockHttpRequests' found.</msg>
<status status="FAIL" starttime="20230417 10:41:10.905" endtime="20230417 10:41:10.905"/>
</kw>
<kw name="Set Variable" library="BuiltIn">
<var>${url}</var>
<arg>${baseUrl}${getTaxRecord}</arg>
<doc>Returns the given values which can then be assigned to a variables.</doc>
<status status="NOT RUN" starttime="20230417 10:41:10.905" endtime="20230417 10:41:10.905"/>
</kw>
<kw name="Set Variable" library="BuiltIn">
<var>${method}</var>
<arg>GET</arg>
<doc>Returns the given values which can then be assigned to a variables.</doc>
<status status="NOT RUN" starttime="20230417 10:41:10.905" endtime="20230417 10:41:10.905"/>
</kw>
<kw name="${mock}.add_mock_response">
<arg>(${url},</arg>
<arg>${method},</arg>
<arg>${response})</arg>
<status status="NOT RUN" starttime="20230417 10:41:10.909" endtime="20230417 10:41:10.909"/>
</kw>
<kw name="Get Request" library="RequestsLibrary">
<var>${result}</var>
<arg>${url}</arg>
<doc>*DEPRECATED* Please use `GET On Session` instead.</doc>
<msg timestamp="20230417 10:41:10.909" level="WARN">Keyword 'RequestsLibrary.Get Request' is deprecated. Please use `GET On Session` instead.</msg>
<status status="NOT RUN" starttime="20230417 10:41:10.909" endtime="20230417 10:41:10.910"/>
</kw>
<kw name="Should Be Equal As Strings" library="BuiltIn">
<arg>${result.content}</arg>
<arg>${inputJsonData}</arg>
<doc>Fails if objects are unequal after converting them to strings.</doc>
<status status="NOT RUN" starttime="20230417 10:41:10.910" endtime="20230417 10:41:10.910"/>
</kw>
<kw name="Evaluate" library="BuiltIn">
<var>${response_data}</var>
<arg>json.loads($response)</arg>
<arg>json</arg>
<doc>Evaluates the given expression in Python and returns the result.</doc>
<status status="NOT RUN" starttime="20230417 10:41:10.910" endtime="20230417 10:41:10.910"/>
</kw>
<kw name="Get Length" library="BuiltIn">
<var>${length}</var>
<arg>${response_data}</arg>
<doc>Returns and logs the length of the given item as an integer.</doc>
<status status="NOT RUN" starttime="20230417 10:41:10.910" endtime="20230417 10:41:10.910"/>
</kw>
<for flavor="IN RANGE">
<var>${index}</var>
<value>1</value>
<value>${length}</value>
<iter>
<var name="${index}"/>
<kw name="Should Be Equal" library="BuiltIn">
<arg>Check Masked</arg>
<arg>${response_data[${index}][natid]}</arg>
<arg>True</arg>
<doc>Fails if the given objects are unequal.</doc>
<status status="NOT RUN" starttime="20230417 10:41:10.911" endtime="20230417 10:41:10.911"/>
</kw>
<kw name="Calculate Variable Percent" library="calculateVariablePercent">
<var>${variable}</var>
<arg>${response_data[${index}][birthday]}</arg>
<status status="NOT RUN" starttime="20230417 10:41:10.911" endtime="20230417 10:41:10.911"/>
</kw>
<kw name="Calculate Tax Relief" library="calculateTaxRelief">
<var>${tax_relief}</var>
<arg>${variable}</arg>
<arg>${response_data[${index}][gender]}</arg>
<arg>${response_data[${index}][salary]}</arg>
<arg>${response_data[${index}][tax]}</arg>
<status status="NOT RUN" starttime="20230417 10:41:10.911" endtime="20230417 10:41:10.911"/>
</kw>
<kw name="Log To Console" library="BuiltIn">
<arg>${tax_relief}</arg>
<doc>Logs the given message to the console.</doc>
<status status="NOT RUN" starttime="20230417 10:41:10.911" endtime="20230417 10:41:10.911"/>
</kw>
<status status="NOT RUN" starttime="20230417 10:41:10.910" endtime="20230417 10:41:10.911"/>
</iter>
<status status="NOT RUN" starttime="20230417 10:41:10.910" endtime="20230417 10:41:10.911"/>
</for>
<status status="FAIL" starttime="20230417 10:41:10.899" endtime="20230417 10:41:10.911">No keyword with name 'MockHttpRequests' found.</status>
</test>
<status status="FAIL" starttime="20230417 10:41:10.889" endtime="20230417 10:41:10.912"/>
</suite>
<status status="FAIL" starttime="20230417 10:41:10.209" endtime="20230417 10:41:10.913"/>
</suite>
<statistics>
<total>
<stat pass="0" fail="3" skip="0">All Tests</stat>
</total>
<tag>
</tag>
<suite>
<stat pass="0" fail="3" skip="0" id="s1" name="apiTest">apiTest</stat>
<stat pass="0" fail="2" skip="0" id="s1-s1" name="CreateRecord">apiTest.CreateRecord</stat>
<stat pass="0" fail="1" skip="0" id="s1-s2" name="MockTaxReliefCalculation">apiTest.MockTaxReliefCalculation</stat>
</suite>
</statistics>
<errors>
<msg timestamp="20230417 10:41:10.909" level="WARN">Keyword 'RequestsLibrary.Get Request' is deprecated. Please use `GET On Session` instead.</msg>
</errors>
</robot>
